02:15:01:343 [02868] | INFO  | Initializing crosire's ReShade version '4.9.1.1003' (64-bit) built on '2021-01-09 21:12:36' loaded from "D:\Emulators\-- LightGun\Launchbox\Emulators\Redream\OPENGL32.DLL" into "D:\Emulators\-- LightGun\Launchbox\Emulators\Redream\redream.exe" ...
02:15:01:365 [02868] | INFO  | Registering hooks for "user32.dll" ...
02:15:01:376 [02868] | INFO  | > Libraries loaded.
02:15:01:377 [02868] | INFO  | > Found 14 match(es). Installing ...
02:15:01:398 [02868] | INFO  | Registering hooks for "ws2_32.dll" ...
02:15:01:406 [02868] | INFO  | > Libraries loaded.
02:15:01:406 [02868] | INFO  | > Found 8 match(es). Installing ...
02:15:01:427 [02868] | INFO  | Registering hooks for "C:\WINDOWS\system32\d2d1.dll" ...
02:15:01:432 [02868] | INFO  | > Delayed.
02:15:01:432 [02868] | INFO  | Registering hooks for "C:\WINDOWS\system32\d3d9.dll" ...
02:15:01:432 [02868] | INFO  | > Delayed.
02:15:01:433 [02868] | INFO  | Registering hooks for "C:\WINDOWS\system32\d3d10.dll" ...
02:15:01:433 [02868] | INFO  | > Delayed.
02:15:01:433 [02868] | INFO  | Registering hooks for "C:\WINDOWS\system32\d3d10_1.dll" ...
02:15:01:434 [02868] | INFO  | > Delayed.
02:15:01:434 [02868] | INFO  | Registering hooks for "C:\WINDOWS\system32\d3d11.dll" ...
02:15:01:434 [02868] | INFO  | > Delayed.
02:15:01:435 [02868] | INFO  | Registering hooks for "C:\WINDOWS\system32\d3d12.dll" ...
02:15:01:435 [02868] | INFO  | > Delayed.
02:15:01:435 [02868] | INFO  | Registering hooks for "C:\WINDOWS\system32\dxgi.dll" ...
02:15:01:436 [02868] | INFO  | > Delayed.
02:15:01:436 [02868] | INFO  | Registering hooks for "C:\WINDOWS\system32\opengl32.dll" ...
02:15:01:436 [02868] | INFO  | > Delayed until first call to an exported function.
02:15:01:437 [02868] | INFO  | Initialized.
02:15:01:441 [02868] | INFO  | Redirecting wglChoosePixelFormat(hdc = 0000000010011F0C, ppfd = 00000000195AF680) ...
02:15:01:441 [02868] | INFO  | > Dumping pixel format descriptor:
02:15:01:442 [02868] | INFO  |   +-----------------------------------------+-----------------------------------------+
02:15:01:442 [02868] | INFO  |   | Name                                    | Value                                   |
02:15:01:442 [02868] | INFO  |   +-----------------------------------------+-----------------------------------------+
02:15:01:442 [02868] | INFO  |   | Flags                                   | 0x25                                    |
02:15:01:442 [02868] | INFO  |   | ColorBits                               | 8                                       |
02:15:01:443 [02868] | INFO  |   | DepthBits                               | 16                                      |
02:15:01:443 [02868] | INFO  |   | StencilBits                             | 0                                       |
02:15:01:443 [02868] | INFO  |   +-----------------------------------------+-----------------------------------------+
02:15:01:444 [02868] | INFO  | Installing export hooks for "C:\WINDOWS\system32\opengl32.dll" ...
02:15:01:445 [02868] | INFO  | > Found 360 match(es). Installing ...
02:15:01:491 [02868] | INFO  | > Returning pixel format: 9
02:15:01:498 [02868] | INFO  | Redirecting wglSetPixelFormat(hdc = 0000000010011F0C, iPixelFormat = 9, ppfd = 00000000195AF680) ...
02:15:01:498 [02868] | INFO  | Redirecting wglCreateContext(hdc = 0000000010011F0C) ...
02:15:01:499 [02868] | INFO  | > Passing on to wglCreateLayerContext:
02:15:01:499 [02868] | INFO  | Redirecting wglCreateLayerContext(hdc = 0000000010011F0C, iLayerPlane = 0) ...
02:15:01:523 [02868] | WARN  | Window class style of window 00000000031613BE is missing 'CS_OWNDC' flag.
02:15:01:730 [02868] | INFO  | Running on NVIDIA GeForce RTX 3090/PCIe/SSE2 using OpenGL 4.6.0 NVIDIA 465.89
02:15:01:755 [02868] | INFO  | Redirecting wglDeleteContext(hglrc = 0000000000010000) ...
02:15:01:763 [02868] | INFO  | Redirecting wglChoosePixelFormat(hdc = 000000004301248D, ppfd = 00000000195AF3D0) ...
02:15:01:764 [02868] | INFO  | > Dumping pixel format descriptor:
02:15:01:764 [02868] | INFO  |   +-----------------------------------------+-----------------------------------------+
02:15:01:764 [02868] | INFO  |   | Name                                    | Value                                   |
02:15:01:765 [02868] | INFO  |   +-----------------------------------------+-----------------------------------------+
02:15:01:765 [02868] | INFO  |   | Flags                                   | 0x25                                    |
02:15:01:765 [02868] | INFO  |   | ColorBits                               | 8                                       |
02:15:01:765 [02868] | INFO  |   | DepthBits                               | 16                                      |
02:15:01:766 [02868] | INFO  |   | StencilBits                             | 0                                       |
02:15:01:766 [02868] | INFO  |   +-----------------------------------------+-----------------------------------------+
02:15:01:770 [02868] | INFO  | > Returning pixel format: 9
02:15:01:770 [02868] | INFO  | Redirecting wglSetPixelFormat(hdc = 000000004301248D, iPixelFormat = 9, ppfd = 00000000195AF3D0) ...
02:15:01:771 [02868] | INFO  | Redirecting wglCreateContext(hdc = 000000004301248D) ...
02:15:01:772 [02868] | INFO  | > Passing on to wglCreateLayerContext:
02:15:01:772 [02868] | INFO  | Redirecting wglCreateLayerContext(hdc = 000000004301248D, iLayerPlane = 0) ...
02:15:01:774 [02868] | WARN  | Window class style of window 000000000078193C is missing 'CS_OWNDC' flag.
02:15:01:900 [02868] | INFO  | Running on NVIDIA GeForce RTX 3090/PCIe/SSE2 using OpenGL 4.6.0 NVIDIA 465.89
02:15:01:900 [02868] | INFO  | Redirecting wglChoosePixelFormatARB(hdc = 000000004301248D, piAttribIList = 00000000195AF4E0, pfAttribFList = 00000000195AF47C, nMaxFormats = 1, piFormats = 00000000195AF3C8, nNumFormats = 00000000195AF3CC) ...
02:15:01:901 [02868] | INFO  | > Dumping attributes:
02:15:01:901 [02868] | INFO  |   +-----------------------------------------+-----------------------------------------+
02:15:01:901 [02868] | INFO  |   | Attribute                               | Value                                   |
02:15:01:901 [02868] | INFO  |   +-----------------------------------------+-----------------------------------------+
02:15:01:902 [02868] | INFO  |   | WGL_DRAW_TO_WINDOW_ARB                  | TRUE                                    |
02:15:01:902 [02868] | INFO  |   | WGL_RED_BITS_ARB                        | 3                                       |
02:15:01:902 [02868] | INFO  |   | WGL_GREEN_BITS_ARB                      | 3                                       |
02:15:01:902 [02868] | INFO  |   | WGL_BLUE_BITS_ARB                       | 2                                       |
02:15:01:903 [02868] | INFO  |   | WGL_DOUBLE_BUFFER_ARB                   | TRUE                                    |
02:15:01:903 [02868] | INFO  |   | WGL_DEPTH_BITS_ARB                      | 16                                      |
02:15:01:903 [02868] | INFO  |   | WGL_ACCELERATION_ARB                    | 0x2027                                  |
02:15:01:903 [02868] | INFO  |   +-----------------------------------------+-----------------------------------------+
02:15:01:915 [02868] | INFO  | > Returning pixel format(s): 9
02:15:01:929 [02868] | INFO  | Redirecting wglDeleteContext(hglrc = 0000000000020000) ...
02:15:01:933 [02868] | INFO  | Redirecting wglSetPixelFormat(hdc = FFFFFFFFE901282E, iPixelFormat = 9, ppfd = 00000000195AF480) ...
02:15:01:938 [02868] | INFO  | Redirecting wglChoosePixelFormat(hdc = 000000004301248D, ppfd = 00000000195AF3D0) ...
02:15:01:938 [02868] | INFO  | > Dumping pixel format descriptor:
02:15:01:938 [02868] | INFO  |   +-----------------------------------------+-----------------------------------------+
02:15:01:938 [02868] | INFO  |   | Name                                    | Value                                   |
02:15:01:939 [02868] | INFO  |   +-----------------------------------------+-----------------------------------------+
02:15:01:939 [02868] | INFO  |   | Flags                                   | 0x25                                    |
02:15:01:939 [02868] | INFO  |   | ColorBits                               | 8                                       |
02:15:01:939 [02868] | INFO  |   | DepthBits                               | 16                                      |
02:15:01:939 [02868] | INFO  |   | StencilBits                             | 0                                       |
02:15:01:940 [02868] | INFO  |   +-----------------------------------------+-----------------------------------------+
02:15:01:943 [02868] | INFO  | > Returning pixel format: 9
02:15:01:943 [02868] | INFO  | Redirecting wglSetPixelFormat(hdc = 000000004301248D, iPixelFormat = 9, ppfd = 00000000195AF3D0) ...
02:15:01:944 [02868] | INFO  | Redirecting wglCreateContext(hdc = 000000004301248D) ...
02:15:01:944 [02868] | INFO  | > Passing on to wglCreateLayerContext:
02:15:01:944 [02868] | INFO  | Redirecting wglCreateLayerContext(hdc = 000000004301248D, iLayerPlane = 0) ...
02:15:01:946 [02868] | WARN  | Window class style of window 0000000000EC19B8 is missing 'CS_OWNDC' flag.
02:15:02:073 [02868] | INFO  | Running on NVIDIA GeForce RTX 3090/PCIe/SSE2 using OpenGL 4.6.0 NVIDIA 465.89
02:15:02:073 [02868] | INFO  | Redirecting wglChoosePixelFormatARB(hdc = 000000004301248D, piAttribIList = 00000000195AF4E0, pfAttribFList = 00000000195AF47C, nMaxFormats = 1, piFormats = 00000000195AF3C8, nNumFormats = 00000000195AF3CC) ...
02:15:02:073 [02868] | INFO  | > Dumping attributes:
02:15:02:074 [02868] | INFO  |   +-----------------------------------------+-----------------------------------------+
02:15:02:074 [02868] | INFO  |   | Attribute                               | Value                                   |
02:15:02:074 [02868] | INFO  |   +-----------------------------------------+-----------------------------------------+
02:15:02:074 [02868] | INFO  |   | WGL_DRAW_TO_WINDOW_ARB                  | TRUE                                    |
02:15:02:075 [02868] | INFO  |   | WGL_RED_BITS_ARB                        | 3                                       |
02:15:02:075 [02868] | INFO  |   | WGL_GREEN_BITS_ARB                      | 3                                       |
02:15:02:075 [02868] | INFO  |   | WGL_BLUE_BITS_ARB                       | 2                                       |
02:15:02:076 [02868] | INFO  |   | WGL_DOUBLE_BUFFER_ARB                   | TRUE                                    |
02:15:02:076 [02868] | INFO  |   | WGL_DEPTH_BITS_ARB                      | 16                                      |
02:15:02:076 [02868] | INFO  |   | WGL_ACCELERATION_ARB                    | 0x2027                                  |
02:15:02:076 [02868] | INFO  |   +-----------------------------------------+-----------------------------------------+
02:15:02:093 [02868] | INFO  | > Returning pixel format(s): 9
02:15:02:093 [02868] | INFO  | Redirecting wglDeleteContext(hglrc = 0000000000030000) ...
02:15:02:110 [02868] | INFO  | Redirecting wglSetPixelFormat(hdc = 0000000010011F0C, iPixelFormat = 9, ppfd = 00000000195AF480) ...
02:15:02:630 [02868] | INFO  | Redirecting wglCreateContext(hdc = FFFFFFFFE901282E) ...
02:15:02:630 [02868] | INFO  | > Passing on to wglCreateLayerContext:
02:15:02:630 [02868] | INFO  | Redirecting wglCreateLayerContext(hdc = FFFFFFFFE901282E, iLayerPlane = 0) ...
02:15:02:796 [02868] | WARN  | Window class style of window 00000000031713BE is missing 'CS_OWNDC' flag.
02:15:02:922 [02868] | INFO  | Running on NVIDIA GeForce RTX 3090/PCIe/SSE2 using OpenGL 4.6.0 NVIDIA 465.89
02:15:02:922 [02868] | INFO  | Redirecting wglCreateContextAttribsARB(hdc = FFFFFFFFE901282E, hShareContext = 0000000000000000, piAttribList = 00000000195AF640) ...
02:15:02:922 [02868] | INFO  | > Requesting core OpenGL context for version 4.5 ...
02:15:02:923 [02868] | INFO  | Redirecting wglCreateLayerContext(hdc = FFFFFFFFE901282E, iLayerPlane = 0) ...
02:15:02:924 [02868] | INFO  | Redirecting wglDeleteContext(hglrc = 0000000000040000) ...
02:15:02:926 [02868] | WARN  | Window class style of window 00000000031713BE is missing 'CS_OWNDC' flag.
02:15:03:053 [02868] | INFO  | Running on NVIDIA GeForce RTX 3090/PCIe/SSE2 using OpenGL 4.5.0 NVIDIA 465.89
02:15:03:054 [02868] | INFO  | Redirecting wglCreateContext(hdc = 0000000010011F0C) ...
02:15:03:054 [02868] | INFO  | > Passing on to wglCreateLayerContext:
02:15:03:055 [02868] | INFO  | Redirecting wglCreateLayerContext(hdc = 0000000010011F0C, iLayerPlane = 0) ...
02:15:03:067 [02868] | WARN  | Window class style of window 000000000079193C is missing 'CS_OWNDC' flag.
02:15:03:194 [02868] | INFO  | Running on NVIDIA GeForce RTX 3090/PCIe/SSE2 using OpenGL 4.6.0 NVIDIA 465.89
02:15:03:195 [02868] | INFO  | Redirecting wglCreateContextAttribsARB(hdc = 0000000010011F0C, hShareContext = 0000000000010001, piAttribList = 00000000195AF640) ...
02:15:03:195 [02868] | INFO  | > Requesting core OpenGL context for version 4.5 ...
02:15:03:195 [02868] | INFO  | Redirecting wglCreateLayerContext(hdc = 0000000010011F0C, iLayerPlane = 0) ...
02:15:03:203 [02868] | INFO  | Redirecting wglShareLists(hglrc1 = 0000000000010001, hglrc2 = 0000000000010002) ...
02:15:03:229 [02868] | INFO  | Redirecting wglDeleteContext(hglrc = 0000000000050000) ...
02:15:03:396 [13424] | INFO  | Resizing runtime 000000001FF33530 on device context FFFFFFFFE901282E to 1920x1080 ...
02:15:03:409 [13424] | INFO  | Recreated runtime environment on runtime 000000001FF33530.
02:15:03:417 [07664] | INFO  | Successfully loaded "D:\Emulators\-- LightGun\Launchbox\Emulators\Redream\reshade-shaders\Shaders\CRTGeomMOD.fx".
02:15:03:510 [13424] | INFO  | Loading image files for textures ...
02:15:03:511 [13424] | ERROR | Source "background.png" for texture 'V__background_texture' could not be found in any of the texture search paths!
02:15:03:584 [13424] | INFO  | Resizing image data for texture 'V__mask_texture' from 6x4 to 960x960 ...
02:15:03:595 [13424] | INFO  | Resizing image data for texture 'V__mask2x2_texture' from 12x10 to 960x960 ...
02:16:11:427 [02868] | INFO  | Redirecting wglDeleteContext(hglrc = 0000000000010001) ...
02:16:11:434 [02868] | INFO  | Destroyed runtime environment on runtime 000000001FF33530.
02:16:11:437 [02868] | INFO  | Redirecting wglDeleteContext(hglrc = 0000000000010002) ...
02:16:12:057 [02868] | INFO  | Exiting ...
02:16:12:057 [02868] | INFO  | Uninstalling 420 hook(s) ...
02:16:13:132 [02868] | INFO  | Finished exiting.
